<?xml version="1.0" encoding="UTF-8"?>
<!-- Generated by org.testng.reporters.JUnitXMLReporter -->
<testsuite ignored="0" hostname="Syams-MacBook-Air.local" failures="0" tests="2" name="Default test" time="31.539" errors="0" timestamp="2026-01-01T23:26:11 IST">
  <testcase classname="demoqa.DemoQA_Automation.DemoQATextBoxDataProviderTest" name="fillTextBoxUsingExcel" time="16.717"/>
  <testcase classname="demoqa.DemoQA_Automation.DemoQATextBoxDataProviderTest" name="fillTextBoxUsingExcel" time="14.567"/>
</testsuite> <!-- Default test -->
