<?xml version="1.0" encoding="UTF-8"?>
<testng-results ignored="0" total="2" passed="2" failed="0" skipped="0">
  <reporter-output>
  </reporter-output>
  <suite started-at="2026-01-01T23:25:39 IST" name="Default suite" finished-at="2026-01-01T23:26:11 IST" duration-ms="31539">
    <groups>
    </groups>
    <test started-at="2026-01-01T23:25:39 IST" name="Default test" finished-at="2026-01-01T23:26:11 IST" duration-ms="31539">
      <class name="demoqa.DemoQA_Automation.DemoQATextBoxDataProviderTest">
        <test-method signature="fillTextBoxUsingExcel(java.lang.String,java.lang.String,java.lang.String,java.lang.String)[pri:0, instance:demoqa.DemoQA_Automation.DemoQATextBoxDataProviderTest@24269709]" started-at="2026-01-01T23:25:40 IST" name="fillTextBoxUsingExcel" data-provider="textBoxData" finished-at="2026-01-01T23:25:56 IST" duration-ms="16717" status="PASS">
          <params>
            <param index="0">
              <value>
                <![CDATA[John Doe]]>
              </value>
            </param>
            <param index="1">
              <value>
                <![CDATA[john@test.com]]>
              </value>
            </param>
            <param index="2">
              <value>
                <![CDATA[Addr 1]]>
              </value>
            </param>
            <param index="3">
              <value>
                <![CDATA[Addr A]]>
              </value>
            </param>
          </params>
          <reporter-output>
          </reporter-output>
        </test-method> <!-- fillTextBoxUsingExcel -->
        <test-method signature="fillTextBoxUsingExcel(java.lang.String,java.lang.String,java.lang.String,java.lang.String)[pri:0, instance:demoqa.DemoQA_Automation.DemoQATextBoxDataProviderTest@24269709]" started-at="2026-01-01T23:25:56 IST" name="fillTextBoxUsingExcel" data-provider="textBoxData" finished-at="2026-01-01T23:26:11 IST" duration-ms="14567" status="PASS">
          <params>
            <param index="0">
              <value>
                <![CDATA[Alice]]>
              </value>
            </param>
            <param index="1">
              <value>
                <![CDATA[alice@test.com]]>
              </value>
            </param>
            <param index="2">
              <value>
                <![CDATA[Addr 2]]>
              </value>
            </param>
            <param index="3">
              <value>
                <![CDATA[Addr B]]>
              </value>
            </param>
          </params>
          <reporter-output>
          </reporter-output>
        </test-method> <!-- fillTextBoxUsingExcel -->
      </class> <!-- demoqa.DemoQA_Automation.DemoQATextBoxDataProviderTest -->
    </test> <!-- Default test -->
  </suite> <!-- Default suite -->
</testng-results>
