<?xml version="1.0" encoding="UTF-8"?>
<!-- Generated by org.testng.reporters.JUnitReportReporter -->
<testsuite hostname="Syams-MacBook-Air.local" failures="0" tests="2" name="demoqa.DemoQA_Automation.DemoQATextBoxDataProviderTest" time="31.284" errors="0" timestamp="2026-01-01T23:26:11 IST" skipped="0">
  <testcase classname="demoqa.DemoQA_Automation.DemoQATextBoxDataProviderTest" name="fillTextBoxUsingExcel" time="14.567"/>
  <testcase classname="demoqa.DemoQA_Automation.DemoQATextBoxDataProviderTest" name="fillTextBoxUsingExcel" time="16.717"/>
</testsuite> <!-- demoqa.DemoQA_Automation.DemoQATextBoxDataProviderTest -->
