<?xml version="1.0" encoding="UTF-8"?>
<!-- Generated by org.testng.reporters.JUnitReportReporter -->
<testsuite hostname="Syams-MacBook-Air.local" failures="0" tests="2" name="demoqa.DemoQA_Automation.DemoQACheckBoxRadioTest" time="16.988" errors="0" timestamp="2025-12-07T00:01:33 IST" skipped="0">
  <testcase classname="demoqa.DemoQA_Automation.DemoQACheckBoxRadioTest" name="verifyCheckBoxSelection" time="8.113"/>
  <testcase classname="demoqa.DemoQA_Automation.DemoQACheckBoxRadioTest" name="verifyRadioButtonSelection" time="8.875"/>
</testsuite> <!-- demoqa.DemoQA_Automation.DemoQACheckBoxRadioTest -->
