<?xml version="1.0" encoding="UTF-8"?>
<!-- Generated by org.testng.reporters.JUnitReportReporter -->
<testsuite hostname="Syams-MacBook-Air.local" failures="0" tests="1" name="demoqa.DemoQA_Automation.DemoQAPracticeFormTest" time="27.369" errors="0" timestamp="2025-12-07T00:06:04 IST" skipped="0">
  <testcase classname="demoqa.DemoQA_Automation.DemoQAPracticeFormTest" name="fillPracticeFormAndValidateSubmission" time="27.369"/>
</testsuite> <!-- demoqa.DemoQA_Automation.DemoQAPracticeFormTest -->
