<?xml version="1.0" encoding="UTF-8"?>
<!-- Generated by org.testng.reporters.JUnitReportReporter -->
<testsuite hostname="Syams-MacBook-Air.local" failures="0" tests="2" name="demoqa.DemoQA_Automation.DemoQAUploadDownloadTest" time="50.892" errors="0" timestamp="2025-12-20T15:36:23 IST" skipped="0">
  <testcase classname="demoqa.DemoQA_Automation.DemoQAUploadDownloadTest" name="uploadFileAndVerify" time="31.844"/>
  <testcase classname="demoqa.DemoQA_Automation.DemoQAUploadDownloadTest" name="verifyDownloadButton" time="19.048"/>
</testsuite> <!-- demoqa.DemoQA_Automation.DemoQAUploadDownloadTest -->
