<?xml version="1.0" encoding="UTF-8"?>
<!-- Generated by org.testng.reporters.JUnitReportReporter -->
<testsuite hostname="Syams-MacBook-Air.local" failures="0" tests="3" name="demoqa.DemoQA_Automation.DemoQAAlertsFramesWindowsTest" time="47.085" errors="0" timestamp="2025-12-07T00:09:45 IST" skipped="0">
  <testcase classname="demoqa.DemoQA_Automation.DemoQAAlertsFramesWindowsTest" name="handleAlerts" time="16.213"/>
  <testcase classname="demoqa.DemoQA_Automation.DemoQAAlertsFramesWindowsTest" name="handleFrames" time="14.192"/>
  <testcase classname="demoqa.DemoQA_Automation.DemoQAAlertsFramesWindowsTest" name="handleMultipleWindows" time="16.680"/>
</testsuite> <!-- demoqa.DemoQA_Automation.DemoQAAlertsFramesWindowsTest -->
